<?xml version="1.0" encoding="UTF-8"?>
<testng-results ignored="0" total="0" passed="0" failed="0" skipped="0">
  <reporter-output>
  </reporter-output>
  <suite started-at="2020-08-16T11:59:55 IST" name="TestPackage.Test1" finished-at="2020-08-16T11:59:55 IST" duration-ms="11">
    <groups>
    </groups>
    <test started-at="2020-08-16T11:59:55 IST" name="Command line test" finished-at="2020-08-16T11:59:55 IST" duration-ms="11">
    </test> <!-- Command line test -->
  </suite> <!-- TestPackage.Test1 -->
</testng-results>
